This is pdfTeX, Version 3.1415926-1.40.10 (TeX Live 2009/Debian) (format=pdflatex 2013.3.26)  25 OCT 2014 11:58
entering extended mode
 %&-line parsing enabled.
**summary_mice_2014_10_24.tex
(./summary_mice_2014_10_24.tex
LaTeX2e <2009/09/24>
Babel <v3.8l> and hyphenation patterns for english, usenglishmax, dumylang, noh
yphenation, loaded.
(/usr/share/texmf-texlive/tex/latex/base/article.cls
Document Class: article 2007/10/19 v1.4h Standard LaTeX document class
(/usr/share/texmf-texlive/tex/latex/base/size10.clo
File: size10.clo 2007/10/19 v1.4h Standard LaTeX file (size option)
)
\c@part=\count79
\c@section=\count80
\c@subsection=\count81
\c@subsubsection=\count82
\c@paragraph=\count83
\c@subparagraph=\count84
\c@figure=\count85
\c@table=\count86
\abovecaptionskip=\skip41
\belowcaptionskip=\skip42
\bibindent=\dimen102
)
(/usr/share/texmf-texlive/tex/latex/graphics/graphicx.sty
Package: graphicx 1999/02/16 v1.0f Enhanced LaTeX Graphics (DPC,SPQR)

(/usr/share/texmf-texlive/tex/latex/graphics/keyval.sty
Package: keyval 1999/03/16 v1.13 key=value parser (DPC)
\KV@toks@=\toks14
)
(/usr/share/texmf-texlive/tex/latex/graphics/graphics.sty
Package: graphics 2009/02/05 v1.0o Standard LaTeX Graphics (DPC,SPQR)

(/usr/share/texmf-texlive/tex/latex/graphics/trig.sty
Package: trig 1999/03/16 v1.09 sin cos tan (DPC)
)
(/etc/texmf/tex/latex/config/graphics.cfg
File: graphics.cfg 2009/08/28 v1.8 graphics configuration of TeX Live
)
Package graphics Info: Driver file: pdftex.def on input line 91.

(/usr/share/texmf-texlive/tex/latex/pdftex-def/pdftex.def
File: pdftex.def 2010/03/12 v0.04p Graphics/color for pdfTeX
\Gread@gobject=\count87
))
\Gin@req@height=\dimen103
\Gin@req@width=\dimen104
)
(/usr/share/texmf-texlive/tex/latex/graphics/color.sty
Package: color 2005/11/14 v1.0j Standard LaTeX Color (DPC)

(/etc/texmf/tex/latex/config/color.cfg
File: color.cfg 2007/01/18 v1.5 color configuration of teTeX/TeXLive
)
Package color Info: Driver file: pdftex.def on input line 130.
)
(/usr/share/texmf-texlive/tex/latex/ltxmisc/framed.sty
Package: framed 2007/10/04 v 0.95: framed or shaded text with page breaks
\fb@frw=\dimen105
\fb@frh=\dimen106
\FrameRule=\dimen107
\FrameSep=\dimen108
)
(/usr/share/texmf-texlive/tex/latex/base/alltt.sty
Package: alltt 1997/06/16 v2.0g defines alltt environment
)
(/usr/share/texmf-texlive/tex/latex/datetime/datetime.sty
Package: datetime 2007/08/20 v2.55 Date Time Package

(/usr/share/texmf-texlive/tex/latex/fmtcount/fmtcount.sty
Package: fmtcount 2009/10/02 v1.31

(/usr/share/texmf-texlive/tex/latex/base/ifthen.sty
Package: ifthen 2001/05/26 v1.1c Standard LaTeX ifthen package (DPC)
)
(/usr/share/texmf-texlive/tex/latex/amsmath/amsgen.sty
File: amsgen.sty 1999/11/30 v2.0
\@emptytoks=\toks15
\ex@=\dimen109
)
\c@padzeroesN=\count88

(/usr/share/texmf-texlive/tex/latex/fmtcount/fc-english.def
File: fc-english 2007/05/26
)
(/usr/share/texmf-texlive/tex/latex/fmtcount/fc-USenglish.def
File: fc-USenglish 2007/06/14
)
No configuration file fmtcount.cfg found.
\@DT@modctr=\count89
\@ordinalctr=\count90
\@orgargctr=\count91
\@strctr=\count92
\@tmpstrctr=\count93
\@DT@loopN=\count94
\@DT@X=\count95
)
\@day=\count96
\@month=\count97
\@year=\count98
Package datetime Info: No datetime.cfg file found, using default settings on in
put line 167.
\@dtctr=\count99
\dayofyear=\count100
\dayofweek=\count101
LaTeX Info: Redefining \today on input line 428.
\c@HOUR=\count102
\c@HOURXII=\count103
\c@MINUTE=\count104
\c@TOHOUR=\count105
\c@TOMINUTE=\count106
\dt@a=\toks16
\dt@b=\toks17
) (/usr/share/texmf-texlive/tex/latex/placeins/placeins.sty
Package: placeins 2005/04/18  v 2.2
)
(/usr/share/texmf-texlive/tex/latex/upquote/upquote.sty
Package: upquote 2003/08/11 v1.1 Covington's upright-quote modification to verb
atim and verb

(/usr/share/texmf-texlive/tex/latex/base/textcomp.sty
Package: textcomp 2005/09/27 v1.99g Standard LaTeX package
Package textcomp Info: Sub-encoding information:
(textcomp)               5 = only ISO-Adobe without \textcurrency
(textcomp)               4 = 5 + \texteuro
(textcomp)               3 = 4 + \textohm
(textcomp)               2 = 3 + \textestimated + \textcurrency
(textcomp)               1 = TS1 - \textcircled - \t
(textcomp)               0 = TS1 (full)
(textcomp)             Font families with sub-encoding setting implement
(textcomp)             only a restricted character set as indicated.
(textcomp)             Family '?' is the default used for unknown fonts.
(textcomp)             See the documentation for details.
Package textcomp Info: Setting ? sub-encoding to TS1/1 on input line 71.

(/usr/share/texmf-texlive/tex/latex/base/ts1enc.def
File: ts1enc.def 2001/06/05 v3.0e (jk/car/fm) Standard LaTeX file
)
LaTeX Info: Redefining \oldstylenums on input line 266.
Package textcomp Info: Setting cmr sub-encoding to TS1/0 on input line 281.
Package textcomp Info: Setting cmss sub-encoding to TS1/0 on input line 282.
Package textcomp Info: Setting cmtt sub-encoding to TS1/0 on input line 283.
Package textcomp Info: Setting cmvtt sub-encoding to TS1/0 on input line 284.
Package textcomp Info: Setting cmbr sub-encoding to TS1/0 on input line 285.
Package textcomp Info: Setting cmtl sub-encoding to TS1/0 on input line 286.
Package textcomp Info: Setting ccr sub-encoding to TS1/0 on input line 287.
Package textcomp Info: Setting ptm sub-encoding to TS1/4 on input line 288.
Package textcomp Info: Setting pcr sub-encoding to TS1/4 on input line 289.
Package textcomp Info: Setting phv sub-encoding to TS1/4 on input line 290.
Package textcomp Info: Setting ppl sub-encoding to TS1/3 on input line 291.
Package textcomp Info: Setting pag sub-encoding to TS1/4 on input line 292.
Package textcomp Info: Setting pbk sub-encoding to TS1/4 on input line 293.
Package textcomp Info: Setting pnc sub-encoding to TS1/4 on input line 294.
Package textcomp Info: Setting pzc sub-encoding to TS1/4 on input line 295.
Package textcomp Info: Setting bch sub-encoding to TS1/4 on input line 296.
Package textcomp Info: Setting put sub-encoding to TS1/5 on input line 297.
Package textcomp Info: Setting uag sub-encoding to TS1/5 on input line 298.
Package textcomp Info: Setting ugq sub-encoding to TS1/5 on input line 299.
Package textcomp Info: Setting ul8 sub-encoding to TS1/4 on input line 300.
Package textcomp Info: Setting ul9 sub-encoding to TS1/4 on input line 301.
Package textcomp Info: Setting augie sub-encoding to TS1/5 on input line 302.
Package textcomp Info: Setting dayrom sub-encoding to TS1/3 on input line 303.
Package textcomp Info: Setting dayroms sub-encoding to TS1/3 on input line 304.

Package textcomp Info: Setting pxr sub-encoding to TS1/0 on input line 305.
Package textcomp Info: Setting pxss sub-encoding to TS1/0 on input line 306.
Package textcomp Info: Setting pxtt sub-encoding to TS1/0 on input line 307.
Package textcomp Info: Setting txr sub-encoding to TS1/0 on input line 308.
Package textcomp Info: Setting txss sub-encoding to TS1/0 on input line 309.
Package textcomp Info: Setting txtt sub-encoding to TS1/0 on input line 310.
Package textcomp Info: Setting futs sub-encoding to TS1/4 on input line 311.
Package textcomp Info: Setting futx sub-encoding to TS1/4 on input line 312.
Package textcomp Info: Setting futj sub-encoding to TS1/4 on input line 313.
Package textcomp Info: Setting hlh sub-encoding to TS1/3 on input line 314.
Package textcomp Info: Setting hls sub-encoding to TS1/3 on input line 315.
Package textcomp Info: Setting hlst sub-encoding to TS1/3 on input line 316.
Package textcomp Info: Setting hlct sub-encoding to TS1/5 on input line 317.
Package textcomp Info: Setting hlx sub-encoding to TS1/5 on input line 318.
Package textcomp Info: Setting hlce sub-encoding to TS1/5 on input line 319.
Package textcomp Info: Setting hlcn sub-encoding to TS1/5 on input line 320.
Package textcomp Info: Setting hlcw sub-encoding to TS1/5 on input line 321.
Package textcomp Info: Setting hlcf sub-encoding to TS1/5 on input line 322.
Package textcomp Info: Setting pplx sub-encoding to TS1/3 on input line 323.
Package textcomp Info: Setting pplj sub-encoding to TS1/3 on input line 324.
Package textcomp Info: Setting ptmx sub-encoding to TS1/4 on input line 325.
Package textcomp Info: Setting ptmj sub-encoding to TS1/4 on input line 326.
))
(./summary_mice_2014_10_24.aux)
\openout1 = `summary_mice_2014_10_24.aux'.

LaTeX Font Info:    Checking defaults for OML/cmm/m/it on input line 61.
LaTeX Font Info:    ... okay on input line 61.
LaTeX Font Info:    Checking defaults for T1/cmr/m/n on input line 61.
LaTeX Font Info:    ... okay on input line 61.
LaTeX Font Info:    Checking defaults for OT1/cmr/m/n on input line 61.
LaTeX Font Info:    ... okay on input line 61.
LaTeX Font Info:    Checking defaults for OMS/cmsy/m/n on input line 61.
LaTeX Font Info:    ... okay on input line 61.
LaTeX Font Info:    Checking defaults for OMX/cmex/m/n on input line 61.
LaTeX Font Info:    ... okay on input line 61.
LaTeX Font Info:    Checking defaults for U/cmr/m/n on input line 61.
LaTeX Font Info:    ... okay on input line 61.
LaTeX Font Info:    Checking defaults for TS1/cmr/m/n on input line 61.
LaTeX Font Info:    Try loading font information for TS1+cmr on input line 61.

(/usr/share/texmf-texlive/tex/latex/base/ts1cmr.fd
File: ts1cmr.fd 1999/05/25 v2.5h Standard LaTeX font definitions
)
LaTeX Font Info:    ... okay on input line 61.

(/usr/share/texmf-texlive/tex/context/base/supp-pdf.mkii
[Loading MPS to PDF converter (version 2006.09.02).]
\scratchcounter=\count107
\scratchdimen=\dimen110
\scratchbox=\box26
\nofMPsegments=\count108
\nofMParguments=\count109
\everyMPshowfont=\toks18
\MPscratchCnt=\count110
\MPscratchDim=\dimen111
\MPnumerator=\count111
\everyMPtoPDFconversion=\toks19
)
LaTeX Font Info:    External font `cmex10' loaded for size
(Font)              <7> on input line 68.
LaTeX Font Info:    External font `cmex10' loaded for size
(Font)              <5> on input line 68.

Overfull \hbox (100.77277pt too wide) in paragraph at lines 98--115
[] 
 []

[1

{/var/lib/texmf/fonts/map/pdftex/updmap/pdftex.map}]
</Net/dense/data/wildmice/motifLoss/document_F_2014_10_24/checkFilterAgainstEmp
irical.pdf, id=10, 578.16pt x 578.16pt>
File: /Net/dense/data/wildmice/motifLoss/document_F_2014_10_24/checkFilterAgain
stEmpirical.pdf Graphic file (type pdf)

<use /Net/dense/data/wildmice/motifLoss/document_F_2014_10_24/checkFilterAgains
tEmpirical.pdf>

LaTeX Warning: `!h' float specifier changed to `!ht'.

[2] [3 </Net/dense/data/wildmice/motifLoss/document_F_2014_10_24/checkFilterAga
instEmpirical.pdf>] [4]
Package color Info: Redefining color shadecolor on input line 224.
 [5]
Package color Info: Redefining color shadecolor on input line 254.

Overfull \hbox (59.25143pt too wide) in paragraph at lines 326--326
[]\OT1/cmtt/m/n/10 ## Number of significant motifs and motif clusters which are
 most significant down a given lineage[] 
 []

[6]
Package color Info: Redefining color shadecolor on input line 335.

Overfull \vbox (2.20319pt too high) detected at line 402
 []

[7]
Underfull \vbox (badness 10000) detected at line 402
 []


Underfull \vbox (badness 10000) detected at line 402
 []

[8]
Package color Info: Redefining color shadecolor on input line 414.
 <figure/Topclusters1.pdf, id=45, 867.24pt x 289.08pt>
File: figure/Topclusters1.pdf Graphic file (type pdf)

<use figure/Topclusters1.pdf>
<figure/Topclusters2.pdf, id=46, 867.24pt x 289.08pt>
File: figure/Topclusters2.pdf Graphic file (type pdf)

<use figure/Topclusters2.pdf>
Overfull \hbox (15.0pt too wide) in paragraph at lines 417--418
[][] 
 []

<figure/Topclusters3.pdf, id=47, 867.24pt x 289.08pt>
File: figure/Topclusters3.pdf Graphic file (type pdf)

<use figure/Topclusters3.pdf>
Overfull \hbox (15.0pt too wide) in paragraph at lines 419--420
[][] 
 []

<figure/Topclusters4.pdf, id=48, 867.24pt x 289.08pt>
File: figure/Topclusters4.pdf Graphic file (type pdf)

<use figure/Topclusters4.pdf>
Overfull \hbox (15.0pt too wide) in paragraph at lines 421--422
[][] 
 []

<figure/Topclusters5.pdf, id=49, 867.24pt x 289.08pt> [9 <./figure/Topclusters1
.pdf> <./figure/Topclusters2.pdf> <./figure/Topclusters3.pdf>]
File: figure/Topclusters5.pdf Graphic file (type pdf)

<use figure/Topclusters5.pdf>
Overfull \hbox (15.0pt too wide) in paragraph at lines 423--424
[][] 
 []

<figure/Topclusters6.pdf, id=74, 867.24pt x 289.08pt>
File: figure/Topclusters6.pdf Graphic file (type pdf)

<use figure/Topclusters6.pdf>
Overfull \hbox (15.0pt too wide) in paragraph at lines 425--426
[][] 
 []

<figure/Topclusters7.pdf, id=75, 867.24pt x 289.08pt>
File: figure/Topclusters7.pdf Graphic file (type pdf)

<use figure/Topclusters7.pdf>
Overfull \hbox (15.0pt too wide) in paragraph at lines 427--428
[][] 
 []

<figure/Topclusters8.pdf, id=76, 867.24pt x 289.08pt> [10 <./figure/Topclusters
4.pdf> <./figure/Topclusters5.pdf> <./figure/Topclusters6.pdf>]
File: figure/Topclusters8.pdf Graphic file (type pdf)

<use figure/Topclusters8.pdf>
Overfull \hbox (15.0pt too wide) in paragraph at lines 429--430
[][] 
 []

<figure/Topclusters9.pdf, id=101, 867.24pt x 289.08pt>
File: figure/Topclusters9.pdf Graphic file (type pdf)

<use figure/Topclusters9.pdf>
Overfull \hbox (15.0pt too wide) in paragraph at lines 431--432
[][] 
 []

<figure/Topclusters10.pdf, id=102, 867.24pt x 289.08pt>
File: figure/Topclusters10.pdf Graphic file (type pdf)

<use figure/Topclusters10.pdf>
Overfull \hbox (15.0pt too wide) in paragraph at lines 433--434
[][] 
 []

<figure/Topclusters11.pdf, id=103, 867.24pt x 289.08pt> [11 <./figure/Topcluste
rs7.pdf> <./figure/Topclusters8.pdf> <./figure/Topclusters9.pdf>]
File: figure/Topclusters11.pdf Graphic file (type pdf)

<use figure/Topclusters11.pdf>
Overfull \hbox (15.0pt too wide) in paragraph at lines 435--436
[][] 
 []

<figure/Topclusters12.pdf, id=128, 867.24pt x 289.08pt>
File: figure/Topclusters12.pdf Graphic file (type pdf)

<use figure/Topclusters12.pdf>
Overfull \hbox (15.0pt too wide) in paragraph at lines 437--438
[][] 
 []

<figure/Topclusters13.pdf, id=129, 867.24pt x 289.08pt>
File: figure/Topclusters13.pdf Graphic file (type pdf)

<use figure/Topclusters13.pdf>
Overfull \hbox (15.0pt too wide) in paragraph at lines 439--440
[][] 
 []

<figure/Topclusters14.pdf, id=130, 867.24pt x 289.08pt> [12 <./figure/Topcluste
rs10.pdf> <./figure/Topclusters11.pdf> <./figure/Topclusters12.pdf>]
File: figure/Topclusters14.pdf Graphic file (type pdf)

<use figure/Topclusters14.pdf>
Overfull \hbox (15.0pt too wide) in paragraph at lines 441--442
[][] 
 []

<figure/Topclusters15.pdf, id=155, 867.24pt x 289.08pt>
File: figure/Topclusters15.pdf Graphic file (type pdf)

<use figure/Topclusters15.pdf>
Overfull \hbox (15.0pt too wide) in paragraph at lines 443--444
[][] 
 []

<figure/Topclusters16.pdf, id=156, 867.24pt x 289.08pt>
File: figure/Topclusters16.pdf Graphic file (type pdf)

<use figure/Topclusters16.pdf>
Overfull \hbox (15.0pt too wide) in paragraph at lines 445--446
[][] 
 []

<figure/Topclusters17.pdf, id=157, 867.24pt x 289.08pt> [13 <./figure/Topcluste
rs13.pdf> <./figure/Topclusters14.pdf> <./figure/Topclusters15.pdf>]
File: figure/Topclusters17.pdf Graphic file (type pdf)

<use figure/Topclusters17.pdf>
Overfull \hbox (15.0pt too wide) in paragraph at lines 447--448
[][] 
 []

<figure/Topclusters18.pdf, id=183, 867.24pt x 289.08pt>
File: figure/Topclusters18.pdf Graphic file (type pdf)

<use figure/Topclusters18.pdf>
Overfull \hbox (15.0pt too wide) in paragraph at lines 449--450
[][] 
 []

<figure/Topclusters19.pdf, id=184, 867.24pt x 289.08pt>
File: figure/Topclusters19.pdf Graphic file (type pdf)

<use figure/Topclusters19.pdf>
Overfull \hbox (15.0pt too wide) in paragraph at lines 451--452
[][] 
 []

<figure/Topclusters20.pdf, id=185, 867.24pt x 289.08pt> [14 <./figure/Topcluste
rs16.pdf> <./figure/Topclusters17.pdf> <./figure/Topclusters18.pdf>]
File: figure/Topclusters20.pdf Graphic file (type pdf)

<use figure/Topclusters20.pdf>
Overfull \hbox (15.0pt too wide) in paragraph at lines 453--454
[][] 
 []

<figure/Topclusters21.pdf, id=210, 867.24pt x 289.08pt>
File: figure/Topclusters21.pdf Graphic file (type pdf)

<use figure/Topclusters21.pdf>
Overfull \hbox (15.0pt too wide) in paragraph at lines 455--456
[][] 
 []

<figure/Topclusters22.pdf, id=211, 867.24pt x 289.08pt>
File: figure/Topclusters22.pdf Graphic file (type pdf)

<use figure/Topclusters22.pdf>
Overfull \hbox (15.0pt too wide) in paragraph at lines 457--458
[][] 
 []

[15 <./figure/Topclusters19.pdf> <./figure/Topclusters20.pdf> <./figure/Topclus
ters21.pdf>]
Package color Info: Redefining color shadecolor on input line 468.
 <figure/QQseperate1.png, id=236, 867.24pt x 433.62pt>
File: figure/QQseperate1.png Graphic file (type png)

<use figure/QQseperate1.png>
<figure/QQseperate2.png, id=238, 867.24pt x 433.62pt>
File: figure/QQseperate2.png Graphic file (type png)

<use figure/QQseperate2.png>
Overfull \hbox (15.0pt too wide) in paragraph at lines 471--472
[][] 
 []

<figure/QQseperate3.png, id=239, 867.24pt x 433.62pt> [16 <./figure/Topclusters
22.pdf> <./figure/QQseperate1.png>]
File: figure/QQseperate3.png Graphic file (type png)
 <use figure/QQseperate3.png>
Overfull \hbox (15.0pt too wide) in paragraph at lines 473--474
[][] 
 []

<figure/QQseperate4.png, id=251, 867.24pt x 433.62pt>
File: figure/QQseperate4.png Graphic file (type png)

<use figure/QQseperate4.png>
Overfull \hbox (15.0pt too wide) in paragraph at lines 475--476
[][] 
 []

<figure/QQseperate5.png, id=252, 867.24pt x 433.62pt> [17 <./figure/QQseperate2
.png> <./figure/QQseperate3.png>]
File: figure/QQseperate5.png Graphic file (type png)
 <use figure/QQseperate5.png>
Overfull \hbox (15.0pt too wide) in paragraph at lines 477--478
[][] 
 []

<figure/QQseperate6.png, id=258, 867.24pt x 433.62pt>
File: figure/QQseperate6.png Graphic file (type png)

<use figure/QQseperate6.png>
Overfull \hbox (15.0pt too wide) in paragraph at lines 479--480
[][] 
 []

[18 <./figure/QQseperate4.png> <./figure/QQseperate5.png>]
Package color Info: Redefining color shadecolor on input line 488.

<figure/QQcompare1.png, id=264, 867.24pt x 433.62pt>
File: figure/QQcompare1.png Graphic file (type png)

<use figure/QQcompare1.png>
<figure/QQcompare2.png, id=265, 867.24pt x 433.62pt>
File: figure/QQcompare2.png Graphic file (type png)

<use figure/QQcompare2.png>
Overfull \hbox (15.0pt too wide) in paragraph at lines 491--492
[][] 
 []

<figure/QQcompare3.png, id=266, 867.24pt x 433.62pt> [19 <./figure/QQseperate6.
png> <./figure/QQcompare1.png>]
File: figure/QQcompare3.png Graphic file (type png)
 <use figure/QQcompare3.png>
Overfull \hbox (15.0pt too wide) in paragraph at lines 493--494
[][] 
 []

Package color Info: Redefining color shadecolor on input line 504.
<figure/QQlineage1.png, id=273, 433.62pt x 433.62pt>
File: figure/QQlineage1.png Graphic file (type png)

<use figure/QQlineage1.png>
<figure/QQlineage2.png, id=274, 433.62pt x 433.62pt>
File: figure/QQlineage2.png Graphic file (type png)

<use figure/QQlineage2.png>
<figure/QQlineage3.png, id=275, 433.62pt x 433.62pt>
File: figure/QQlineage3.png Graphic file (type png)

<use figure/QQlineage3.png>
<figure/QQlineage4.png, id=276, 433.62pt x 433.62pt>
File: figure/QQlineage4.png Graphic file (type png)

<use figure/QQlineage4.png>
<figure/QQlineage5.png, id=277, 433.62pt x 433.62pt>
File: figure/QQlineage5.png Graphic file (type png)

<use figure/QQlineage5.png>
<figure/QQlineage6.png, id=278, 433.62pt x 433.62pt>
File: figure/QQlineage6.png Graphic file (type png)

<use figure/QQlineage6.png>
<figure/QQlineage7.png, id=279, 433.62pt x 433.62pt>
File: figure/QQlineage7.png Graphic file (type png)

<use figure/QQlineage7.png>
<figure/QQlineage8.png, id=280, 433.62pt x 433.62pt>
File: figure/QQlineage8.png Graphic file (type png)

<use figure/QQlineage8.png>
<figure/QQlineage9.png, id=281, 433.62pt x 433.62pt>
File: figure/QQlineage9.png Graphic file (type png)

<use figure/QQlineage9.png>
<figure/QQlineage10.png, id=282, 433.62pt x 433.62pt>
File: figure/QQlineage10.png Graphic file (type png)

<use figure/QQlineage10.png>
<figure/QQlineage11.png, id=283, 433.62pt x 433.62pt>
File: figure/QQlineage11.png Graphic file (type png)

<use figure/QQlineage11.png>
<figure/QQlineage12.png, id=284, 433.62pt x 433.62pt>
File: figure/QQlineage12.png Graphic file (type png)

<use figure/QQlineage12.png>
<figure/QQlineage13.png, id=285, 433.62pt x 433.62pt>
File: figure/QQlineage13.png Graphic file (type png)

<use figure/QQlineage13.png>
<figure/QQlineage14.png, id=286, 433.62pt x 433.62pt>
File: figure/QQlineage14.png Graphic file (type png)

<use figure/QQlineage14.png>
<figure/QQlineage15.png, id=287, 433.62pt x 433.62pt>
File: figure/QQlineage15.png Graphic file (type png)

<use figure/QQlineage15.png>
<figure/QQlineage16.png, id=288, 433.62pt x 433.62pt>
File: figure/QQlineage16.png Graphic file (type png)

<use figure/QQlineage16.png>
<figure/QQlineage17.png, id=289, 433.62pt x 433.62pt>
File: figure/QQlineage17.png Graphic file (type png)

<use figure/QQlineage17.png>
<figure/QQlineage18.png, id=290, 433.62pt x 433.62pt>
File: figure/QQlineage18.png Graphic file (type png)

<use figure/QQlineage18.png>
<figure/QQlineage19.png, id=291, 433.62pt x 433.62pt>
File: figure/QQlineage19.png Graphic file (type png)

<use figure/QQlineage19.png>
<figure/QQlineage20.png, id=292, 433.62pt x 433.62pt>
File: figure/QQlineage20.png Graphic file (type png)

<use figure/QQlineage20.png>
<figure/QQlineage21.png, id=293, 433.62pt x 433.62pt>
File: figure/QQlineage21.png Graphic file (type png)

<use figure/QQlineage21.png>
<figure/QQlineage22.png, id=294, 433.62pt x 433.62pt>
File: figure/QQlineage22.png Graphic file (type png)

<use figure/QQlineage22.png>
<figure/QQlineage23.png, id=295, 433.62pt x 433.62pt>
File: figure/QQlineage23.png Graphic file (type png)

<use figure/QQlineage23.png>
<figure/QQlineage24.png, id=296, 433.62pt x 433.62pt>
File: figure/QQlineage24.png Graphic file (type png)

<use figure/QQlineage24.png>
<figure/QQlineage25.png, id=297, 433.62pt x 433.62pt>
File: figure/QQlineage25.png Graphic file (type png)

<use figure/QQlineage25.png>
<figure/QQlineage26.png, id=298, 433.62pt x 433.62pt>
File: figure/QQlineage26.png Graphic file (type png)

<use figure/QQlineage26.png>
<figure/QQlineage27.png, id=299, 433.62pt x 433.62pt>
File: figure/QQlineage27.png Graphic file (type png)

<use figure/QQlineage27.png>
<figure/QQlineage28.png, id=300, 433.62pt x 433.62pt>
File: figure/QQlineage28.png Graphic file (type png)

<use figure/QQlineage28.png>
<figure/QQlineage29.png, id=301, 433.62pt x 433.62pt>
File: figure/QQlineage29.png Graphic file (type png)

<use figure/QQlineage29.png>
<figure/QQlineage30.png, id=302, 433.62pt x 433.62pt>
File: figure/QQlineage30.png Graphic file (type png)

<use figure/QQlineage30.png>
Overfull \hbox (2.22221pt too wide) in paragraph at lines 505--535
[] []
 []


Overfull \hbox (2.22221pt too wide) in paragraph at lines 505--535
[] []
 []


Overfull \hbox (2.22221pt too wide) in paragraph at lines 505--535
[] []
 []


Overfull \hbox (2.22221pt too wide) in paragraph at lines 505--535
[] []
 []


Overfull \hbox (2.22221pt too wide) in paragraph at lines 505--535
[] []
 []


Overfull \hbox (2.22221pt too wide) in paragraph at lines 505--535
[] []
 []


Overfull \hbox (2.22221pt too wide) in paragraph at lines 505--535
[] []
 []


Overfull \hbox (2.22221pt too wide) in paragraph at lines 505--535
[] []
 []


Overfull \hbox (2.22221pt too wide) in paragraph at lines 505--535
[] []
 []


Overfull \hbox (2.22221pt too wide) in paragraph at lines 505--535
[] []
 []


Overfull \hbox (2.22221pt too wide) in paragraph at lines 505--535
[] []
 []


Overfull \hbox (2.22221pt too wide) in paragraph at lines 505--535
[] []
 []


Overfull \hbox (2.22221pt too wide) in paragraph at lines 505--535
[] []
 []


Overfull \hbox (2.22221pt too wide) in paragraph at lines 505--535
[] []
 []


Overfull \hbox (2.22221pt too wide) in paragraph at lines 505--535
[] [] 
 []

[20 <./figure/QQcompare2.png> <./figure/QQcompare3.png>] [21 <./figure/QQlineag
e1.png> <./figure/QQlineage2.png> <./figure/QQlineage3.png> <./figure/QQlineage
4.png>] [22 <./figure/QQlineage5.png> <./figure/QQlineage6.png> <./figure/QQlin
eage7.png> <./figure/QQlineage8.png>] [23 <./figure/QQlineage9.png> <./figure/Q
Qlineage10.png> <./figure/QQlineage11.png> <./figure/QQlineage12.png>] [24 <./f
igure/QQlineage13.png> <./figure/QQlineage14.png> <./figure/QQlineage15.png> <.
/figure/QQlineage16.png>] [25 <./figure/QQlineage17.png> <./figure/QQlineage18.
png> <./figure/QQlineage19.png> <./figure/QQlineage20.png>] [26 <./figure/QQlin
eage21.png> <./figure/QQlineage22.png> <./figure/QQlineage23.png> <./figure/QQl
ineage24.png>] [27 <./figure/QQlineage25.png> <./figure/QQlineage26.png> <./fig
ure/QQlineage27.png> <./figure/QQlineage28.png>] [28 <./figure/QQlineage29.png>
 <./figure/QQlineage30.png>] (./summary_mice_2014_10_24.aux) ) 
Here is how much of TeX's memory you used:
 2317 strings out of 495061
 35306 string characters out of 1182621
 95270 words of memory out of 3000000
 5434 multiletter control sequences out of 15000+50000
 5661 words of font info for 21 fonts, out of 3000000 for 9000
 28 hyphenation exceptions out of 8191
 28i,8n,19p,938b,220s stack positions out of 5000i,500n,10000p,200000b,50000s
 </home/rwdavies/
.texmf-var/fonts/pk/ljfour/jknappen/ec/tcrm1000.600pk></usr/share/texmf-texlive
/fonts/type1/public/amsfonts/cm/cmbx10.pfb></usr/share/texmf-texlive/fonts/type
1/public/amsfonts/cm/cmbx12.pfb></usr/share/texmf-texlive/fonts/type1/public/am
sfonts/cm/cmex10.pfb></usr/share/texmf-texlive/fonts/type1/public/amsfonts/cm/c
mmi10.pfb></usr/share/texmf-texlive/fonts/type1/public/amsfonts/cm/cmmi7.pfb></
usr/share/texmf-texlive/fonts/type1/public/amsfonts/cm/cmr10.pfb></usr/share/te
xmf-texlive/fonts/type1/public/amsfonts/cm/cmr7.pfb></usr/share/texmf-texlive/f
onts/type1/public/amsfonts/cm/cmsy10.pfb></usr/share/texmf-texlive/fonts/type1/
public/amsfonts/cm/cmsy7.pfb></usr/share/texmf-texlive/fonts/type1/public/amsfo
nts/cm/cmtt10.pfb>
Output written on summary_mice_2014_10_24.pdf (28 pages, 11934808 bytes).
PDF statistics:
 399 PDF objects out of 1000 (max. 8388607)
 0 named destinations out of 1000 (max. 500000)
 311 words of extra memory for PDF output out of 10000 (max. 10000000)

